Arguments: 
  C:\Program Files\nodejs\node.exe C:\Program Files (x86)\Yarn\bin\yarn.js start

PATH: 
  C:\Program Files\RA2HP\;C:\Python27\;C:\Python27\Scripts;C:\Python38\Scripts\;C:\Python38\;C:\Program Files (x86)\Common Files\Oracle\Java\javapath;C:\WINDOWS\system32;C:\WINDOWS;C:\WINDOWS\System32\Wbem;C:\WINDOWS\System32\WindowsPowerShell\v1.0\;C:\WINDOWS\System32\OpenSSH\;C:\Program Files\Git\cmd;C:\Program Files\Microsoft SQL Server\130\Tools\Binn\;C:\Program Files\dotnet\;C:\Program Files\Intel\WiFi\bin\;C:\Program Files\Common Files\Intel\WirelessCommon\;C:\Program Files (x86)\Windows Kits\10\Windows Performance Toolkit\;C:\ProgramData\chocolatey\bin;C:\Program Files\Java\jdk1.8.0_221\bin;C:\Program Files (x86)\Yarn\bin\;C:\Program Files\PostgreSQL\12\bin;C:\Program Files\nodejs\;C:\Users\machadob\scoop\shims;C:\Users\machadob\AppData\Local\Programs\Python\Python38-32\Scripts\;C:\Users\machadob\AppData\Local\Programs\Python\Python38-32\;C:\Users\machadob\AppData\Local\Microsoft\WindowsApps;C:\Users\machadob\AppData\Local\Programs\Microsoft VS Code\bin;C:\Users\machadob\AppData\Local\Microsoft\WindowsApps;C:\Users\machadob\AppData\Local\Yarn\bin;C:\Program Files\PostgreSQL\12\bin;C:\Users\machadob\AppData\Roaming\cabal\bin;C:\ProgramData\chocolatey\lib\ghc\tools\ghc-8.10.1\bin;C:\tools\msys64;C:\Users\machadob\AppData\Roaming\npm;C:\Program Files\heroku\bin;C:\MinGW\bin;

Yarn version: 
  1.22.0

Node version: 
  12.9.1

Platform: 
  win32 x64

Trace: 
  SyntaxError: C:\Users\machadob\Desktop\aula\2020-2\distribuida\t2\package.json: Unexpected token } in JSON at position 197
      at JSON.parse (<anonymous>)
      at C:\Program Files (x86)\Yarn\lib\cli.js:1625:59
      at Generator.next (<anonymous>)
      at step (C:\Program Files (x86)\Yarn\lib\cli.js:310:30)
      at C:\Program Files (x86)\Yarn\lib\cli.js:321:13

npm manifest: 
  {
    "name": "distriuida-t2",
    "version": "1.0.0",
    "description": "Servidor P2P e Rest API",
    "main": "app.js",
    "author": {
      "name": "Bianca",
      "email": "Bianca.Machado@edu.pucrs.br",
    },
    "scripts": {
      "start": "node ./app server"
    }
  }

yarn manifest: 
  No manifest

Lockfile: 
  No lockfile
